> Task :newpipe-extractor:extractor:protobufDummy UP-TO-DATE
> Task :app:preBuild UP-TO-DATE
> Task :app:preReleaseBuild UP-TO-DATE
> Task :app:generateReleaseResValues UP-TO-DATE
> Task :newpipe-extractor:timeago-parser:processResources NO-SOURCE
> Task :newpipe-extractor:extractor:extractIncludeProto UP-TO-DATE
> Task :newpipe-extractor:extractor:extractProto UP-TO-DATE
> Task :newpipe-extractor:extractor:generateProto UP-TO-DATE
> Task :newpipe-extractor:timeago-parser:compileJava UP-TO-DATE
> Task :newpipe-extractor:extractor:compileJava UP-TO-DATE
> Task :newpipe-extractor:compileJava NO-SOURCE
> Task :newpipe-extractor:processResources NO-SOURCE
> Task :newpipe-extractor:classes UP-TO-DATE
> Task :app:mapReleaseSourceSetPaths UP-TO-DATE
> Task :app:generateReleaseResources UP-TO-DATE
> Task :newpipe-extractor:jar UP-TO-DATE
> Task :app:mergeReleaseResources UP-TO-DATE
> Task :app:createReleaseCompatibleScreenManifests UP-TO-DATE
> Task :newpipe-extractor:extractor:processResources UP-TO-DATE
> Task :newpipe-extractor:extractor:classes UP-TO-DATE
> Task :app:extractDeepLinksRelease UP-TO-DATE
> Task :newpipe-extractor:extractor:jar UP-TO-DATE
> Task :newpipe-extractor:timeago-parser:classes UP-TO-DATE
> Task :newpipe-extractor:timeago-parser:jar UP-TO-DATE
> Task :app:processReleaseMainManifest UP-TO-DATE
> Task :app:processReleaseManifest UP-TO-DATE
> Task :app:processApplicationManifestReleaseForBundle UP-TO-DATE
> Task :app:checkReleaseAarMetadata UP-TO-DATE
> Task :app:packageReleaseResources UP-TO-DATE
> Task :app:parseReleaseLocalResources UP-TO-DATE
> Task :app:processReleaseManifestForPackage UP-TO-DATE
> Task :app:processReleaseResources UP-TO-DATE
> Task :app:bundleReleaseResources UP-TO-DATE
> Task :app:extractReleaseVersionControlInfo UP-TO-DATE
> Task :app:mergeReleaseShaders UP-TO-DATE
> Task :app:compileReleaseShaders NO-SOURCE
> Task :app:generateReleaseAssets UP-TO-DATE
> Task :app:mergeReleaseAssets UP-TO-DATE
> Task :app:buildKotlinToolingMetadata UP-TO-DATE
> Task :app:checkReleaseDuplicateClasses UP-TO-DATE
> Task :app:checkKotlinGradlePluginConfigurationErrors SKIPPED
> Task :app:generateReleaseBuildConfig UP-TO-DATE
> Task :app:javaPreCompileRelease UP-TO-DATE
> Task :app:mergeReleaseArtProfile UP-TO-DATE
> Task :app:extractProguardFiles UP-TO-DATE
> Task :app:mergeReleaseStartupProfile UP-TO-DATE
> Task :app:mergeReleaseJniLibFolders UP-TO-DATE
> Task :app:mergeReleaseNativeLibs UP-TO-DATE
> Task :app:stripReleaseDebugSymbols UP-TO-DATE
> Task :app:writeReleaseAppMetadata UP-TO-DATE
> Task :app:extractReleaseNativeSymbolTables UP-TO-DATE
> Task :app:parseReleaseIntegrityConfig UP-TO-DATE
> Task :app:validateSigningRelease UP-TO-DATE

> Task :app:compileReleaseKotlin FAILED
e: file:///C:/Users/mukht/Desktop/Android/Lumena/app/src/main/java/com/dn0ne/player/MainActivity.kt:406:45 Conflicting declarations:
local val fileName: String
local val fileName: String
e: file:///C:/Users/mukht/Desktop/Android/Lumena/app/src/main/java/com/dn0ne/player/MainActivity.kt:409:45 Conflicting declarations:
local val fileName: String
local val fileName: String

[Incubating] Problems report is available at: file:///C:/Users/mukht/Desktop/Android/Lumena/build/reports/problems/problems-report.html

FAILURE: Build failed with an exception.

* What went wrong:
Execution failed for task ':app:compileReleaseKotlin'.
> A failure occurred while executing org.jetbrains.kotlin.compilerRunner.GradleCompilerRunnerWithWorkers$GradleKotlinCompilerWorkAction
   > Compilation error. See log for more details

* Try:
> Run with --stacktrace option to get the stack trace.
> Run with --info or --debug option to get more log output.
> Run with --scan to get full insights.
> Get more help at https://help.gradle.org.

Deprecated Gradle features were used in this build, making it incompatible with Gradle 9.0.

You can use '--warning-mode all' to show the individual deprecation warnings and determine if they come from your own scripts or plugins.

For more on this, please refer to https://docs.gradle.org/8.13/userguide/command_line_interface.html#sec:command_line_warnings in the Gradle documentation.

BUILD FAILED in 12s
42 actionable tasks: 1 executed, 41 up-to-date
