
> Configure project :app
e: file:///C:/Users/mukht/Desktop/Android/Lumena/app/build.gradle.kts:14:31: Unresolved reference: util
e: file:///C:/Users/mukht/Desktop/Android/Lumena/app/build.gradle.kts:16:34: Unresolved reference: io
w: file:///C:/Users/mukht/Desktop/Android/Lumena/app/build.gradle.kts:74:55: No cast needed
w: file:///C:/Users/mukht/Desktop/Android/Lumena/app/build.gradle.kts:75:61: No cast needed
w: file:///C:/Users/mukht/Desktop/Android/Lumena/app/build.gradle.kts:81:65: No cast needed

FAILURE: Build failed with an exception.

* Where:
Build file 'C:\Users\mukht\Desktop\Android\Lumena\app\build.gradle.kts' line: 14

* What went wrong:
Script compilation errors:

  Line 14: val keystoreProperties = java.util.Properties()
                                         ^ Unresolved reference: util

  Line 16:     keystoreProperties.load(java.io.FileInputStream(keystorePropertiesFile))
                                            ^ Unresolved reference: io

  Line 74:             keyAlias = keystoreProperties["keyAlias"] as String?
                                                                 ^ No cast needed

  Line 75:             keyPassword = keystoreProperties["keyPassword"] as String?
                                                                       ^ No cast needed

  Line 81:             storePassword = keystoreProperties["storePassword"] as String?
                                                                           ^ No cast needed

5 errors

* Try:
> Run with --stacktrace option to get the stack trace.
> Run with --info or --debug option to get more log output.
> Run with --scan to get full insights.
> Get more help at https://help.gradle.org.

BUILD FAILED in 4s
